<?xml version="1.0" encoding="UTF-8"?>
<testsuite name="signIn.SignInTest" tests="1" skipped="0" failures="0" errors="0" timestamp="2021-07-10T21:47:39" hostname="DESKTOP-OUTEJEQ" time="8.987">
  <properties/>
  <testcase name="testSuccessfullSignIn()" classname="signIn.SignInTest" time="8.987"/>
  <system-out><![CDATA[]]></system-out>
  <system-err><![CDATA[Starting ChromeDriver 91.0.4472.101 (af52a90bf87030dd1523486a1cd3ae25c5d76c9b-refs/branch-heads/4472@{#1462}) on port 34264
Only local connections are allowed.
Please see https://chromedriver.chromium.org/security-considerations for suggestions on keeping ChromeDriver safe.
ChromeDriver was started successfully.
jul. 10, 2021 4:47:35 P. M. org.openqa.selenium.remote.ProtocolHandshake createSession
INFO: Detected dialect: W3C
]]></system-err>
</testsuite>
